<?xml version="1.0" encoding="UTF-8"?>
<testsuite xmlns:xsi="http://www.w3.org/2001/XMLSchema-instance" xsi:noNamespaceSchemaLocation="https://maven.apache.org/surefire/maven-surefire-plugin/xsd/surefire-test-report-3.0.xsd" version="3.0" name="edu.berkeley.cs.jqf.fuzz.util.NonZeroCachingCountersTest" time="0.377" tests="8" errors="0" skipped="0" failures="0">
  <properties>
[...]
</properties>
  <testcase name="nonZeroValuesIsAccurate" classname="edu.berkeley.cs.jqf.fuzz.util.NonZeroCachingCountersTest" time="0.071">
    <system-err><![CDATA[SLF4J: Failed to load class "org.slf4j.impl.StaticLoggerBinder".
SLF4J: Defaulting to no-operation (NOP) logger implementation
SLF4J: See http://www.slf4j.org/codes.html#StaticLoggerBinder for further details.
]]></system-err>
  </testcase>
  <testcase name="setAtIndexWorks" classname="edu.berkeley.cs.jqf.fuzz.util.NonZeroCachingCountersTest" time="0.011"/>
  <testcase name="incrementDeltaWorks" classname="edu.berkeley.cs.jqf.fuzz.util.NonZeroCachingCountersTest" time="0.011"/>
  <testcase name="incrementDeltaWorks" classname="edu.berkeley.cs.jqf.fuzz.util.NonZeroCachingCountersTest" time="0.011"/>
  <testcase name="nonZeroSizeIsAccurate" classname="edu.berkeley.cs.jqf.fuzz.util.NonZeroCachingCountersTest" time="0.006"/>
  <testcase name="clearsToZero" classname="edu.berkeley.cs.jqf.fuzz.util.NonZeroCachingCountersTest" time="0.011"/>
  <testcase name="incrementWorks" classname="edu.berkeley.cs.jqf.fuzz.util.NonZeroCachingCountersTest" time="0.009"/>
  <testcase name="nonZeroIndicesIsAccurate" classname="edu.berkeley.cs.jqf.fuzz.util.NonZeroCachingCountersTest" time="0.007"/>
</testsuite>